<?xml version="1.0" encoding="UTF-8"?>
<!-- Generated by org.testng.reporters.JUnitReportReporter -->
<testsuite skipped="0" hostname="DESKTOP-JINVOCL" name="test.CategoryTest" tests="1" failures="0" timestamp="2021-07-29T17:00:52 CDT" time="3.507" errors="0">
  <testcase name="userShouldBeAbleToAddNewCategoryAndDisplay" time="3.507" classname="test.CategoryTest"/>
  <system-out/>
</testsuite> <!-- test.CategoryTest -->
